Using pre-set license

 COMMAND LINE ARGUMENTS:
/Applications/Unity/Hub/Editor/2021.1.3f1/Unity.app/Contents/MacOS/Unity
-adb2
-batchMode
-noUpm
-name
AssetImportWorker0
-projectPath
/Users/johnnyyacolca/Unity/Projects/refquest-git-collaboration-test/Unity Collaboration In Git
-logFile
Logs/AssetImportWorker0.log
-srvPort
57846
Successfully changed project path to: /Users/johnnyyacolca/Unity/Projects/refquest-git-collaboration-test/Unity Collaboration In Git
/Users/johnnyyacolca/Unity/Projects/refquest-git-collaboration-test/Unity Collaboration In Git
Using Asset Import Pipeline V2.
Refreshing native plugins compatible for Editor in 126.97 ms, found 2 plugins.
Preloading 0 native plugins for Editor in 0.00 ms.
Initialize engine version: 2021.1.3f1 (4bef613afd59)
[Subsystems] Discovering subsystems at path /Applications/Unity/Hub/Editor/2021.1.3f1/Unity.app/Contents/Resources/UnitySubsystems
[Subsystems] Discovering subsystems at path /Users/johnnyyacolca/Unity/Projects/refquest-git-collaboration-test/Unity Collaboration In Git/Assets
GfxDevice: creating device client; threaded=0; jobified=0
2021-07-02 11:54:07.084 Unity[55300:1451599] LG ULTRAWIDE preferred device: AMD Radeon Pro 560 (high power)
2021-07-02 11:54:07.084 Unity[55300:1451599] Metal devices available: 2
2021-07-02 11:54:07.084 Unity[55300:1451599] 0: AMD Radeon Pro 560 (high power)
2021-07-02 11:54:07.084 Unity[55300:1451599] 1: Intel(R) HD Graphics 630 (low power)
2021-07-02 11:54:07.085 Unity[55300:1451599] Using device AMD Radeon Pro 560 (high power)
Initializing Metal device caps: AMD Radeon Pro 560
Initialize mono
Mono path[0] = '/Applications/Unity/Hub/Editor/2021.1.3f1/Unity.app/Contents/Managed'
Mono path[1] = '/Applications/Unity/Hub/Editor/2021.1.3f1/Unity.app/Contents/MonoBleedingEdge/lib/mono/unityjit'
Mono config path = '/Applications/Unity/Hub/Editor/2021.1.3f1/Unity.app/Contents/MonoBleedingEdge/etc'
Using monoOptions --debugger-agent=transport=dt_socket,embedding=1,server=y,suspend=n,address=127.0.0.1:56300
Begin MonoManager ReloadAssembly
Registering precompiled unity dll's ...
Register platform support module: /Applications/Unity/Hub/Editor/2021.1.3f1/PlaybackEngines/WebGLSupport/UnityEditor.WebGL.Extensions.dll
Register platform support module: /Applications/Unity/Hub/Editor/2021.1.3f1/Unity.app/Contents/PlaybackEngines/MacStandaloneSupport/UnityEditor.OSXStandalone.Extensions.dll
Registered in 0.005758 seconds.
Native extension for OSXStandalone target not found
Native extension for WebGL target not found
Refreshing native plugins compatible for Editor in 133.98 ms, found 2 plugins.
Preloading 0 native plugins for Editor in 0.00 ms.
Mono: successfully reloaded assembly
- Completed reload, in  4.243 seconds
Platform modules already initialized, skipping
Registering precompiled user dll's ...
Registered in 0.009740 seconds.
Begin MonoManager ReloadAssembly
Symbol file LoadedFromMemory doesn't match image /Users/johnnyyacolca/Unity/Projects/refquest-git-collaboration-test/Unity Collaboration In Git/Library/PackageCache/com.unity.visualscripting@1.6.1/Editor/VisualScripting.Core/Dependencies/YamlDotNet/Unity.VisualScripting.YamlDotNet.dll
Symbol file LoadedFromMemory doesn't match image /Users/johnnyyacolca/Unity/Projects/refquest-git-collaboration-test/Unity Collaboration In Git/Library/PackageCache/com.unity.visualscripting@1.6.1/Editor/VisualScripting.Core/Dependencies/DotNetZip/Unity.VisualScripting.IonicZip.dll
Native extension for OSXStandalone target not found
Native extension for WebGL target not found
Refreshing native plugins compatible for Editor in 1.30 ms, found 2 plugins.
Preloading 0 native plugins for Editor in 0.00 ms.
Mono: successfully reloaded assembly
- Completed reload, in  2.717 seconds
Platform modules already initialized, skipping
========================================================================
Worker process is ready to serve import requests
Launching external process: /Applications/Unity/Hub/Editor/2021.1.3f1/Unity.app/Contents/Tools/UnityShaderCompiler
Launched and connected shader compiler UnityShaderCompiler after 0.02 seconds
Refreshing native plugins compatible for Editor in 1.49 ms, found 2 plugins.
Preloading 0 native plugins for Editor in 0.00 ms.
Unloading 2941 Unused Serialized files (Serialized files now loaded: 0)
System memory in use before: 189.5 MB.
System memory in use after: 189.6 MB.

Unloading 23 unused Assets to reduce memory usage. Loaded Objects now: 3385.
Total: 3.408393 ms (FindLiveObjects: 0.504275 ms CreateObjectMapping: 0.357921 ms MarkObjects: 2.444287 ms  DeleteObjects: 0.087607 ms)

========================================================================
Received Import Request.
  path: Assets/Environment
  artifactKey: Guid(e8ee52cba875e475f8fc524bbd58bdc7) Importer(815301076,1909f56bfc062723c751e8b465ee728b)
Start importing Assets/Environment using Guid(e8ee52cba875e475f8fc524bbd58bdc7) Importer(815301076,1909f56bfc062723c751e8b465ee728b)  -> (artifact id: '4a5d2ddb0fe7d49d62a9f32bf4df1089') in 0.006719 seconds 
